-- The C compiler identification is GNU 11.4.0
-- The CXX compiler identification is GNU 11.4.0
-- Detecting C compiler ABI info
-- Detecting C compiler ABI info - done
-- Check for working C compiler: /usr/bin/cc - skipped
-- Detecting C compile features
-- Detecting C compile features - done
-- Detecting CXX compiler ABI info
-- Detecting CXX compiler ABI info - done
-- Check for working CXX compiler: /usr/bin/c++ - skipped
-- Detecting CXX compile features
-- Detecting CXX compile features - done
-- Found ament_cmake: 1.3.9 (/opt/ros/humble/share/ament_cmake/cmake)
-- Found Python3: /usr/bin/python3 (found version "3.10.12") found components: Interpreter 
-- Found rclcpp: 16.0.9 (/opt/ros/humble/share/rclcpp/cmake)
-- Found rosidl_generator_c: 3.1.5 (/opt/ros/humble/share/rosidl_generator_c/cmake)
-- Found rosidl_adapter: 3.1.5 (/opt/ros/humble/share/rosidl_adapter/cmake)
-- Found rosidl_generator_cpp: 3.1.5 (/opt/ros/humble/share/rosidl_generator_cpp/cmake)
-- Using all available rosidl_typesupport_c: rosidl_typesupport_fastrtps_c;rosidl_typesupport_introspection_c
-- Using all available rosidl_typesupport_cpp: rosidl_typesupport_fastrtps_cpp;rosidl_typesupport_introspection_cpp
-- Found rmw_implementation_cmake: 6.1.2 (/opt/ros/humble/share/rmw_implementation_cmake/cmake)
-- Found rmw_fastrtps_cpp: 6.2.6 (/opt/ros/humble/share/rmw_fastrtps_cpp/cmake)
-- Found OpenSSL: /usr/lib/x86_64-linux-gnu/libcrypto.so (found version "3.0.2")  
-- Found FastRTPS: /opt/ros/humble/include  
-- Using RMW implementation 'rmw_fastrtps_cpp' as default
-- Looking for pthread.h
-- Looking for pthread.h - found
-- Performing Test CMAKE_HAVE_LIBC_PTHREAD
-- Performing Test CMAKE_HAVE_LIBC_PTHREAD - Success
-- Found Threads: TRUE  
-- Found geometry_msgs: 4.2.4 (/opt/ros/humble/share/geometry_msgs/cmake)
-- Found turtlesim: 1.4.2 (/opt/ros/humble/share/turtlesim/cmake)
-- Configuring done
-- Generating done
-- Build files have been written to: /home/ajr/ros2_ws/src/tat_e0u_benya/build/tat_e0u_benya
[ 50%] [32mBuilding CXX object CMakeFiles/draw.dir/src/draw.cpp.o[0m
[100%] [32m[1mLinking CXX executable draw[0m
[100%] Built target draw
-- Install configuration: ""
-- Installing: /home/ajr/ros2_ws/src/tat_e0u_benya/install/tat_e0u_benya/lib/tat_e0u_benya/draw
-- Set runtime path of "/home/ajr/ros2_ws/src/tat_e0u_benya/install/tat_e0u_benya/lib/tat_e0u_benya/draw" to ""
-- Installing: /home/ajr/ros2_ws/src/tat_e0u_benya/install/tat_e0u_benya/share/tat_e0u_benya/launch
-- Installing: /home/ajr/ros2_ws/src/tat_e0u_benya/install/tat_e0u_benya/share/tat_e0u_benya/launch/launch_example2.launch.py
-- Installing: /home/ajr/ros2_ws/src/tat_e0u_benya/install/tat_e0u_benya/share/tat_e0u_benya/launch/launch_example1.launch.py
-- Installing: /home/ajr/ros2_ws/src/tat_e0u_benya/install/tat_e0u_benya/share/ament_index/resource_index/package_run_dependencies/tat_e0u_benya
-- Installing: /home/ajr/ros2_ws/src/tat_e0u_benya/install/tat_e0u_benya/share/ament_index/resource_index/parent_prefix_path/tat_e0u_benya
-- Installing: /home/ajr/ros2_ws/src/tat_e0u_benya/install/tat_e0u_benya/share/tat_e0u_benya/environment/ament_prefix_path.sh
-- Installing: /home/ajr/ros2_ws/src/tat_e0u_benya/install/tat_e0u_benya/share/tat_e0u_benya/environment/ament_prefix_path.dsv
-- Installing: /home/ajr/ros2_ws/src/tat_e0u_benya/install/tat_e0u_benya/share/tat_e0u_benya/environment/path.sh
-- Installing: /home/ajr/ros2_ws/src/tat_e0u_benya/install/tat_e0u_benya/share/tat_e0u_benya/environment/path.dsv
-- Installing: /home/ajr/ros2_ws/src/tat_e0u_benya/install/tat_e0u_benya/share/tat_e0u_benya/local_setup.bash
-- Installing: /home/ajr/ros2_ws/src/tat_e0u_benya/install/tat_e0u_benya/share/tat_e0u_benya/local_setup.sh
-- Installing: /home/ajr/ros2_ws/src/tat_e0u_benya/install/tat_e0u_benya/share/tat_e0u_benya/local_setup.zsh
-- Installing: /home/ajr/ros2_ws/src/tat_e0u_benya/install/tat_e0u_benya/share/tat_e0u_benya/local_setup.dsv
-- Installing: /home/ajr/ros2_ws/src/tat_e0u_benya/install/tat_e0u_benya/share/tat_e0u_benya/package.dsv
-- Installing: /home/ajr/ros2_ws/src/tat_e0u_benya/install/tat_e0u_benya/share/ament_index/resource_index/packages/tat_e0u_benya
-- Installing: /home/ajr/ros2_ws/src/tat_e0u_benya/install/tat_e0u_benya/share/tat_e0u_benya/cmake/tat_e0u_benyaConfig.cmake
-- Installing: /home/ajr/ros2_ws/src/tat_e0u_benya/install/tat_e0u_benya/share/tat_e0u_benya/cmake/tat_e0u_benyaConfig-version.cmake
-- Installing: /home/ajr/ros2_ws/src/tat_e0u_benya/install/tat_e0u_benya/share/tat_e0u_benya/package.xml
