[0.010s] Invoking command in '/home/ajr/ros2_ws/src/tat_e0u_benya/build/tat_e0u_benya': CMAKE_PREFIX_PATH=${CMAKE_PREFIX_PATH}:/home/ajr/ros2_ws/install/gui_lexus:/home/ajr/ros2_ws/install/arj_transforms_py:/home/ajr/ros2_ws/install/arj_intro_py:/opt/ros/humble /usr/bin/cmake /home/ajr/ros2_ws/src/tat_e0u_benya -DCMAKE_INSTALL_PREFIX=/home/ajr/ros2_ws/src/tat_e0u_benya/install/tat_e0u_benya
[0.216s] -- The C compiler identification is GNU 11.4.0
[0.579s] -- The CXX compiler identification is GNU 11.4.0
[0.761s] -- Detecting C compiler ABI info
[0.872s] -- Detecting C compiler ABI info - done
[0.877s] -- Check for working C compiler: /usr/bin/cc - skipped
[0.878s] -- Detecting C compile features
[0.879s] -- Detecting C compile features - done
[0.883s] -- Detecting CXX compiler ABI info
[0.991s] -- Detecting CXX compiler ABI info - done
[0.997s] -- Check for working CXX compiler: /usr/bin/c++ - skipped
[0.997s] -- Detecting CXX compile features
[0.998s] -- Detecting CXX compile features - done
[1.024s] -- Found ament_cmake: 1.3.9 (/opt/ros/humble/share/ament_cmake/cmake)
[1.154s] -- Found Python3: /usr/bin/python3 (found version "3.10.12") found components: Interpreter 
[1.265s] -- Found rclcpp: 16.0.9 (/opt/ros/humble/share/rclcpp/cmake)
[1.407s] -- Found rosidl_generator_c: 3.1.5 (/opt/ros/humble/share/rosidl_generator_c/cmake)
[1.414s] -- Found rosidl_adapter: 3.1.5 (/opt/ros/humble/share/rosidl_adapter/cmake)
[1.425s] -- Found rosidl_generator_cpp: 3.1.5 (/opt/ros/humble/share/rosidl_generator_cpp/cmake)
[1.450s] -- Using all available rosidl_typesupport_c: rosidl_typesupport_fastrtps_c;rosidl_typesupport_introspection_c
[1.474s] -- Using all available rosidl_typesupport_cpp: rosidl_typesupport_fastrtps_cpp;rosidl_typesupport_introspection_cpp
[1.574s] -- Found rmw_implementation_cmake: 6.1.2 (/opt/ros/humble/share/rmw_implementation_cmake/cmake)
[1.579s] -- Found rmw_fastrtps_cpp: 6.2.6 (/opt/ros/humble/share/rmw_fastrtps_cpp/cmake)
[2.409s] -- Found OpenSSL: /usr/lib/x86_64-linux-gnu/libcrypto.so (found version "3.0.2")  
[3.192s] -- Found FastRTPS: /opt/ros/humble/include  
[4.813s] -- Using RMW implementation 'rmw_fastrtps_cpp' as default
[4.827s] -- Looking for pthread.h
[4.938s] -- Looking for pthread.h - found
[4.938s] -- Performing Test CMAKE_HAVE_LIBC_PTHREAD
[5.041s] -- Performing Test CMAKE_HAVE_LIBC_PTHREAD - Success
[5.042s] -- Found Threads: TRUE  
[5.219s] -- Found geometry_msgs: 4.2.4 (/opt/ros/humble/share/geometry_msgs/cmake)
[5.268s] -- Found turtlesim: 1.4.2 (/opt/ros/humble/share/turtlesim/cmake)
[5.471s] -- Configuring done
[5.481s] -- Generating done
[5.483s] -- Build files have been written to: /home/ajr/ros2_ws/src/tat_e0u_benya/build/tat_e0u_benya
[5.492s] Invoked command in '/home/ajr/ros2_ws/src/tat_e0u_benya/build/tat_e0u_benya' returned '0': CMAKE_PREFIX_PATH=${CMAKE_PREFIX_PATH}:/home/ajr/ros2_ws/install/gui_lexus:/home/ajr/ros2_ws/install/arj_transforms_py:/home/ajr/ros2_ws/install/arj_intro_py:/opt/ros/humble /usr/bin/cmake /home/ajr/ros2_ws/src/tat_e0u_benya -DCMAKE_INSTALL_PREFIX=/home/ajr/ros2_ws/src/tat_e0u_benya/install/tat_e0u_benya
[5.493s] Invoking command in '/home/ajr/ros2_ws/src/tat_e0u_benya/build/tat_e0u_benya': CMAKE_PREFIX_PATH=${CMAKE_PREFIX_PATH}:/home/ajr/ros2_ws/install/gui_lexus:/home/ajr/ros2_ws/install/arj_transforms_py:/home/ajr/ros2_ws/install/arj_intro_py:/opt/ros/humble /usr/bin/cmake --build /home/ajr/ros2_ws/src/tat_e0u_benya/build/tat_e0u_benya -- -j12 -l12
[5.526s] [ 50%] [32mBuilding CXX object CMakeFiles/draw.dir/src/draw.cpp.o[0m
[10.524s] [100%] [32m[1mLinking CXX executable draw[0m
[10.824s] [100%] Built target draw
[10.833s] Invoked command in '/home/ajr/ros2_ws/src/tat_e0u_benya/build/tat_e0u_benya' returned '0': CMAKE_PREFIX_PATH=${CMAKE_PREFIX_PATH}:/home/ajr/ros2_ws/install/gui_lexus:/home/ajr/ros2_ws/install/arj_transforms_py:/home/ajr/ros2_ws/install/arj_intro_py:/opt/ros/humble /usr/bin/cmake --build /home/ajr/ros2_ws/src/tat_e0u_benya/build/tat_e0u_benya -- -j12 -l12
[10.858s] Invoking command in '/home/ajr/ros2_ws/src/tat_e0u_benya/build/tat_e0u_benya': CMAKE_PREFIX_PATH=${CMAKE_PREFIX_PATH}:/home/ajr/ros2_ws/install/gui_lexus:/home/ajr/ros2_ws/install/arj_transforms_py:/home/ajr/ros2_ws/install/arj_intro_py:/opt/ros/humble /usr/bin/cmake --install /home/ajr/ros2_ws/src/tat_e0u_benya/build/tat_e0u_benya
[10.862s] -- Install configuration: ""
[10.862s] -- Installing: /home/ajr/ros2_ws/src/tat_e0u_benya/install/tat_e0u_benya/lib/tat_e0u_benya/draw
[10.864s] -- Set runtime path of "/home/ajr/ros2_ws/src/tat_e0u_benya/install/tat_e0u_benya/lib/tat_e0u_benya/draw" to ""
[10.864s] -- Installing: /home/ajr/ros2_ws/src/tat_e0u_benya/install/tat_e0u_benya/share/tat_e0u_benya/launch
[10.865s] -- Installing: /home/ajr/ros2_ws/src/tat_e0u_benya/install/tat_e0u_benya/share/tat_e0u_benya/launch/launch_example2.launch.py
[10.865s] -- Installing: /home/ajr/ros2_ws/src/tat_e0u_benya/install/tat_e0u_benya/share/tat_e0u_benya/launch/launch_example1.launch.py
[10.867s] -- Installing: /home/ajr/ros2_ws/src/tat_e0u_benya/install/tat_e0u_benya/share/ament_index/resource_index/package_run_dependencies/tat_e0u_benya
[10.867s] -- Installing: /home/ajr/ros2_ws/src/tat_e0u_benya/install/tat_e0u_benya/share/ament_index/resource_index/parent_prefix_path/tat_e0u_benya
[10.867s] -- Installing: /home/ajr/ros2_ws/src/tat_e0u_benya/install/tat_e0u_benya/share/tat_e0u_benya/environment/ament_prefix_path.sh
[10.867s] -- Installing: /home/ajr/ros2_ws/src/tat_e0u_benya/install/tat_e0u_benya/share/tat_e0u_benya/environment/ament_prefix_path.dsv
[10.867s] -- Installing: /home/ajr/ros2_ws/src/tat_e0u_benya/install/tat_e0u_benya/share/tat_e0u_benya/environment/path.sh
[10.868s] -- Installing: /home/ajr/ros2_ws/src/tat_e0u_benya/install/tat_e0u_benya/share/tat_e0u_benya/environment/path.dsv
[10.868s] -- Installing: /home/ajr/ros2_ws/src/tat_e0u_benya/install/tat_e0u_benya/share/tat_e0u_benya/local_setup.bash
[10.868s] -- Installing: /home/ajr/ros2_ws/src/tat_e0u_benya/install/tat_e0u_benya/share/tat_e0u_benya/local_setup.sh
[10.868s] -- Installing: /home/ajr/ros2_ws/src/tat_e0u_benya/install/tat_e0u_benya/share/tat_e0u_benya/local_setup.zsh
[10.868s] -- Installing: /home/ajr/ros2_ws/src/tat_e0u_benya/install/tat_e0u_benya/share/tat_e0u_benya/local_setup.dsv
[10.869s] -- Installing: /home/ajr/ros2_ws/src/tat_e0u_benya/install/tat_e0u_benya/share/tat_e0u_benya/package.dsv
[10.869s] -- Installing: /home/ajr/ros2_ws/src/tat_e0u_benya/install/tat_e0u_benya/share/ament_index/resource_index/packages/tat_e0u_benya
[10.869s] -- Installing: /home/ajr/ros2_ws/src/tat_e0u_benya/install/tat_e0u_benya/share/tat_e0u_benya/cmake/tat_e0u_benyaConfig.cmake
[10.869s] -- Installing: /home/ajr/ros2_ws/src/tat_e0u_benya/install/tat_e0u_benya/share/tat_e0u_benya/cmake/tat_e0u_benyaConfig-version.cmake
[10.869s] -- Installing: /home/ajr/ros2_ws/src/tat_e0u_benya/install/tat_e0u_benya/share/tat_e0u_benya/package.xml
[10.871s] Invoked command in '/home/ajr/ros2_ws/src/tat_e0u_benya/build/tat_e0u_benya' returned '0': CMAKE_PREFIX_PATH=${CMAKE_PREFIX_PATH}:/home/ajr/ros2_ws/install/gui_lexus:/home/ajr/ros2_ws/install/arj_transforms_py:/home/ajr/ros2_ws/install/arj_intro_py:/opt/ros/humble /usr/bin/cmake --install /home/ajr/ros2_ws/src/tat_e0u_benya/build/tat_e0u_benya
